2020-07-21 15:15:18.113  INFO 3200 --- [main] c.insightlake.edp.schema.ui.Application  : Starting Application v1.0 on root with PID 3200 (/home/sai/EDP-DATA-MODULES/GITREPOSITROYDEPLOYMENT/Schema-UI/libs/edp-schema-ui-1.0.jar started by root in /home/sai/EDP-DATA-MODULES/GITREPOSITROYDEPLOYMENT/Schema-UI/logs)
2020-07-21 15:15:18.139  INFO 3200 --- [main] c.insightlake.edp.schema.ui.Application  : No active profile set, falling back to default profiles: default
2020-07-21 15:15:18.386  INFO 3200 --- [main] ConfigServletWebServerApplicationContext : Refreshing org.springframework.boot.web.servlet.context.AnnotationConfigServletWebServerApplicationContext@555590: startup date [Tue Jul 21 15:15:18 IST 2020]; root of context hierarchy
2020-07-21 15:15:22.219  INFO 3200 --- [main] o.s.b.w.embedded.tomcat.TomcatWebServer  : Tomcat initialized with port(s): 8080 (http)
2020-07-21 15:15:22.317  INFO 3200 --- [main] o.apache.catalina.core.StandardService   : Starting service [Tomcat]
2020-07-21 15:15:22.318  INFO 3200 --- [main] org.apache.catalina.core.StandardEngine  : Starting Servlet Engine: Apache Tomcat/8.5.29
2020-07-21 15:15:22.368  INFO 3200 --- [localhost-startStop-1] o.a.catalina.core.AprLifecycleListener   : The APR based Apache Tomcat Native library which allows optimal performance in production environments was not found on the java.library.path: [/usr/java/packages/lib/amd64:/usr/lib64:/lib64:/lib:/usr/lib]
2020-07-21 15:15:22.512  INFO 3200 --- [localhost-startStop-1] o.a.c.c.C.[Tomcat].[localhost].[/]       : Initializing Spring embedded WebApplicationContext
2020-07-21 15:15:22.512  INFO 3200 --- [localhost-startStop-1] o.s.web.context.ContextLoader            : Root WebApplicationContext: initialization completed in 4126 ms
2020-07-21 15:15:22.803  INFO 3200 --- [localhost-startStop-1] o.s.b.w.servlet.ServletRegistrationBean  : Servlet dispatcherServlet mapped to [/]
2020-07-21 15:15:22.809  INFO 3200 --- [localhost-startStop-1] o.s.b.w.servlet.FilterRegistrationBean   : Mapping filter: 'characterEncodingFilter' to: [/*]
2020-07-21 15:15:22.810  INFO 3200 --- [localhost-startStop-1] o.s.b.w.servlet.FilterRegistrationBean   : Mapping filter: 'hiddenHttpMethodFilter' to: [/*]
2020-07-21 15:15:22.811  INFO 3200 --- [localhost-startStop-1] o.s.b.w.servlet.FilterRegistrationBean   : Mapping filter: 'httpPutFormContentFilter' to: [/*]
2020-07-21 15:15:22.813  INFO 3200 --- [localhost-startStop-1] o.s.b.w.servlet.FilterRegistrationBean   : Mapping filter: 'requestContextFilter' to: [/*]
2020-07-21 15:15:23.134  INFO 3200 --- [main] o.s.w.s.handler.SimpleUrlHandlerMapping  : Mapped URL path [/**/favicon.ico] onto handler of type [class org.springframework.web.servlet.resource.ResourceHttpRequestHandler]
2020-07-21 15:15:23.917  INFO 3200 --- [main] s.w.s.m.m.a.RequestMappingHandlerAdapter : Looking for @ControllerAdvice: org.springframework.boot.web.servlet.context.AnnotationConfigServletWebServerApplicationContext@555590: startup date [Tue Jul 21 15:15:18 IST 2020]; root of context hierarchy
2020-07-21 15:15:24.124  INFO 3200 --- [main] s.w.s.m.m.a.RequestMappingHandlerMapping : Mapped "{[/error],produces=[text/html]}" onto public org.springframework.web.servlet.ModelAndView org.springframework.boot.autoconfigure.web.servlet.error.BasicErrorController.errorHtml(javax.servlet.http.HttpServletRequest,javax.servlet.http.HttpServletResponse)
2020-07-21 15:15:24.126  INFO 3200 --- [main] s.w.s.m.m.a.RequestMappingHandlerMapping : Mapped "{[/error]}" onto public org.springframework.http.ResponseEntity<java.util.Map<java.lang.String, java.lang.Object>> org.springframework.boot.autoconfigure.web.servlet.error.BasicErrorController.error(javax.servlet.http.HttpServletRequest)
2020-07-21 15:15:24.192  INFO 3200 --- [main] o.s.w.s.handler.SimpleUrlHandlerMapping  : Mapped URL path [/webjars/**] onto handler of type [class org.springframework.web.servlet.resource.ResourceHttpRequestHandler]
2020-07-21 15:15:24.193  INFO 3200 --- [main] o.s.w.s.handler.SimpleUrlHandlerMapping  : Mapped URL path [/**] onto handler of type [class org.springframework.web.servlet.resource.ResourceHttpRequestHandler]
2020-07-21 15:15:24.397  INFO 3200 --- [main] o.s.b.a.w.s.WelcomePageHandlerMapping    : Adding welcome page: class path resource [static/index.html]
2020-07-21 15:15:24.786  INFO 3200 --- [main] o.s.j.e.a.AnnotationMBeanExporter        : Registering beans for JMX exposure on startup
2020-07-21 15:15:24.929  INFO 3200 --- [main] o.s.b.w.embedded.tomcat.TomcatWebServer  : Tomcat started on port(s): 8080 (http) with context path ''
2020-07-21 15:15:24.942  INFO 3200 --- [main] c.insightlake.edp.schema.ui.Application  : Started Application in 8.102 seconds (JVM running for 9.324)
2020-07-21 15:16:06.961  INFO 3200 --- [http-nio-8080-exec-1] o.a.c.c.C.[Tomcat].[localhost].[/]       : Initializing Spring FrameworkServlet 'dispatcherServlet'
2020-07-21 15:16:06.962  INFO 3200 --- [http-nio-8080-exec-1] o.s.web.servlet.DispatcherServlet        : FrameworkServlet 'dispatcherServlet': initialization started
2020-07-21 15:16:06.986  INFO 3200 --- [http-nio-8080-exec-1] o.s.web.servlet.DispatcherServlet        : FrameworkServlet 'dispatcherServlet': initialization completed in 23 ms
2020-07-21 15:19:08.496  INFO 4201 --- [main] c.insightlake.edp.schema.ui.Application  : Starting Application v1.0 on root with PID 4201 (/home/sai/EDP-DATA-MODULES/GITREPOSITROYDEPLOYMENT/Schema-UI/libs/edp-schema-ui-1.0.jar started by root in /home/sai/EDP-DATA-MODULES/GITREPOSITROYDEPLOYMENT/Schema-UI/logs)
2020-07-21 15:19:08.501  INFO 4201 --- [main] c.insightlake.edp.schema.ui.Application  : No active profile set, falling back to default profiles: default
2020-07-21 15:19:08.787  INFO 4201 --- [main] ConfigServletWebServerApplicationContext : Refreshing org.springframework.boot.web.servlet.context.AnnotationConfigServletWebServerApplicationContext@3ada9e37: startup date [Tue Jul 21 15:19:08 IST 2020]; root of context hierarchy
2020-07-21 15:19:12.645  INFO 4201 --- [main] o.s.b.w.embedded.tomcat.TomcatWebServer  : Tomcat initialized with port(s): 8080 (http)
2020-07-21 15:19:12.690  INFO 4201 --- [main] o.apache.catalina.core.StandardService   : Starting service [Tomcat]
2020-07-21 15:19:12.691  INFO 4201 --- [main] org.apache.catalina.core.StandardEngine  : Starting Servlet Engine: Apache Tomcat/8.5.29
2020-07-21 15:19:12.708  INFO 4201 --- [localhost-startStop-1] o.a.catalina.core.AprLifecycleListener   : The APR based Apache Tomcat Native library which allows optimal performance in production environments was not found on the java.library.path: [/usr/java/packages/lib/amd64:/usr/lib64:/lib64:/lib:/usr/lib]
2020-07-21 15:19:12.852  INFO 4201 --- [localhost-startStop-1] o.a.c.c.C.[Tomcat].[localhost].[/]       : Initializing Spring embedded WebApplicationContext
2020-07-21 15:19:12.852  INFO 4201 --- [localhost-startStop-1] o.s.web.context.ContextLoader            : Root WebApplicationContext: initialization completed in 4065 ms
2020-07-21 15:19:13.136  INFO 4201 --- [localhost-startStop-1] o.s.b.w.servlet.ServletRegistrationBean  : Servlet dispatcherServlet mapped to [/]
2020-07-21 15:19:13.153  INFO 4201 --- [localhost-startStop-1] o.s.b.w.servlet.FilterRegistrationBean   : Mapping filter: 'characterEncodingFilter' to: [/*]
2020-07-21 15:19:13.153  INFO 4201 --- [localhost-startStop-1] o.s.b.w.servlet.FilterRegistrationBean   : Mapping filter: 'hiddenHttpMethodFilter' to: [/*]
2020-07-21 15:19:13.154  INFO 4201 --- [localhost-startStop-1] o.s.b.w.servlet.FilterRegistrationBean   : Mapping filter: 'httpPutFormContentFilter' to: [/*]
2020-07-21 15:19:13.154  INFO 4201 --- [localhost-startStop-1] o.s.b.w.servlet.FilterRegistrationBean   : Mapping filter: 'requestContextFilter' to: [/*]
2020-07-21 15:19:13.455  INFO 4201 --- [main] o.s.w.s.handler.SimpleUrlHandlerMapping  : Mapped URL path [/**/favicon.ico] onto handler of type [class org.springframework.web.servlet.resource.ResourceHttpRequestHandler]
2020-07-21 15:19:14.005  INFO 4201 --- [main] s.w.s.m.m.a.RequestMappingHandlerAdapter : Looking for @ControllerAdvice: org.springframework.boot.web.servlet.context.AnnotationConfigServletWebServerApplicationContext@3ada9e37: startup date [Tue Jul 21 15:19:08 IST 2020]; root of context hierarchy
2020-07-21 15:19:14.152  INFO 4201 --- [main] s.w.s.m.m.a.RequestMappingHandlerMapping : Mapped "{[/error],produces=[text/html]}" onto public org.springframework.web.servlet.ModelAndView org.springframework.boot.autoconfigure.web.servlet.error.BasicErrorController.errorHtml(javax.servlet.http.HttpServletRequest,javax.servlet.http.HttpServletResponse)
2020-07-21 15:19:14.164  INFO 4201 --- [main] s.w.s.m.m.a.RequestMappingHandlerMapping : Mapped "{[/error]}" onto public org.springframework.http.ResponseEntity<java.util.Map<java.lang.String, java.lang.Object>> org.springframework.boot.autoconfigure.web.servlet.error.BasicErrorController.error(javax.servlet.http.HttpServletRequest)
2020-07-21 15:19:14.221  INFO 4201 --- [main] o.s.w.s.handler.SimpleUrlHandlerMapping  : Mapped URL path [/webjars/**] onto handler of type [class org.springframework.web.servlet.resource.ResourceHttpRequestHandler]
2020-07-21 15:19:14.223  INFO 4201 --- [main] o.s.w.s.handler.SimpleUrlHandlerMapping  : Mapped URL path [/**] onto handler of type [class org.springframework.web.servlet.resource.ResourceHttpRequestHandler]
2020-07-21 15:19:14.307  INFO 4201 --- [main] o.s.b.a.w.s.WelcomePageHandlerMapping    : Adding welcome page: class path resource [static/index.html]
2020-07-21 15:19:14.495  INFO 4201 --- [main] o.s.j.e.a.AnnotationMBeanExporter        : Registering beans for JMX exposure on startup
2020-07-21 15:19:14.628  INFO 4201 --- [main] o.s.b.w.embedded.tomcat.TomcatWebServer  : Tomcat started on port(s): 8080 (http) with context path ''
2020-07-21 15:19:14.633  INFO 4201 --- [main] c.insightlake.edp.schema.ui.Application  : Started Application in 7.491 seconds (JVM running for 8.751)
2020-07-21 15:19:28.596  INFO 4201 --- [http-nio-8080-exec-1] o.a.c.c.C.[Tomcat].[localhost].[/]       : Initializing Spring FrameworkServlet 'dispatcherServlet'
2020-07-21 15:19:28.596  INFO 4201 --- [http-nio-8080-exec-1] o.s.web.servlet.DispatcherServlet        : FrameworkServlet 'dispatcherServlet': initialization started
2020-07-21 15:19:28.657  INFO 4201 --- [http-nio-8080-exec-1] o.s.web.servlet.DispatcherServlet        : FrameworkServlet 'dispatcherServlet': initialization completed in 60 ms
