2020-07-21 15:15:18.036  INFO 3199 --- [main] c.i.edp.schemareg.EdpSchemaReg           : Starting EdpSchemaReg v1.0 on root with PID 3199 (/home/sai/EDP-DATA-MODULES/GITREPOSITROYDEPLOYMENT/Schema-UI/libs/edp-schema-reg-1.0.jar started by root in /home/sai/EDP-DATA-MODULES/GITREPOSITROYDEPLOYMENT/Schema-UI/logs)
2020-07-21 15:15:18.059  INFO 3199 --- [main] c.i.edp.schemareg.EdpSchemaReg           : No active profile set, falling back to default profiles: default
2020-07-21 15:15:18.439  INFO 3199 --- [main] ationConfigEmbeddedWebApplicationContext : Refreshing org.springframework.boot.context.embedded.AnnotationConfigEmbeddedWebApplicationContext@5387f9e0: startup date [Tue Jul 21 15:15:18 IST 2020]; root of context hierarchy
2020-07-21 15:15:25.204  INFO 3199 --- [main] s.b.c.e.t.TomcatEmbeddedServletContainer : Tomcat initialized with port(s): 9494 (http)
2020-07-21 15:15:25.232  INFO 3199 --- [main] o.apache.catalina.core.StandardService   : Starting service Tomcat
2020-07-21 15:15:25.234  INFO 3199 --- [main] org.apache.catalina.core.StandardEngine  : Starting Servlet Engine: Apache Tomcat/8.5.14
2020-07-21 15:15:25.381  INFO 3199 --- [localhost-startStop-1] o.a.c.c.C.[.[localhost].[/edp-kafka]     : Initializing Spring embedded WebApplicationContext
2020-07-21 15:15:25.381  INFO 3199 --- [localhost-startStop-1] o.s.web.context.ContextLoader            : Root WebApplicationContext: initialization completed in 6976 ms
2020-07-21 15:15:25.697  INFO 3199 --- [localhost-startStop-1] o.s.b.w.servlet.FilterRegistrationBean   : Mapping filter: 'characterEncodingFilter' to: [/*]
2020-07-21 15:15:25.698  INFO 3199 --- [localhost-startStop-1] o.s.b.w.servlet.FilterRegistrationBean   : Mapping filter: 'hiddenHttpMethodFilter' to: [/*]
2020-07-21 15:15:25.698  INFO 3199 --- [localhost-startStop-1] o.s.b.w.servlet.FilterRegistrationBean   : Mapping filter: 'httpPutFormContentFilter' to: [/*]
2020-07-21 15:15:25.699  INFO 3199 --- [localhost-startStop-1] o.s.b.w.servlet.FilterRegistrationBean   : Mapping filter: 'requestContextFilter' to: [/*]
2020-07-21 15:15:25.700  INFO 3199 --- [localhost-startStop-1] .s.DelegatingFilterProxyRegistrationBean : Mapping filter: 'springSecurityFilterChain' to: [/*]
2020-07-21 15:15:25.701  INFO 3199 --- [localhost-startStop-1] o.s.b.w.servlet.FilterRegistrationBean   : Mapping filter: 'someFilterRegistration' to: [/*]
2020-07-21 15:15:25.701  INFO 3199 --- [localhost-startStop-1] o.s.b.w.servlet.ServletRegistrationBean  : Mapping servlet: 'dispatcherServlet' to [/]
2020-07-21 15:15:25.703  INFO 3199 --- [localhost-startStop-1] o.s.b.w.servlet.ServletRegistrationBean  : Mapping servlet: 'webServlet' to [/h2-console/*]
2020-07-21 15:15:26.901  INFO 3199 --- [main] j.LocalContainerEntityManagerFactoryBean : Building JPA container EntityManagerFactory for persistence unit 'default'
2020-07-21 15:15:26.939  INFO 3199 --- [main] o.hibernate.jpa.internal.util.LogHelper  : HHH000204: Processing PersistenceUnitInfo [
	name: default
	...]
2020-07-21 15:15:27.134  INFO 3199 --- [main] org.hibernate.Version                    : HHH000412: Hibernate Core {5.0.12.Final}
2020-07-21 15:15:27.137  INFO 3199 --- [main] org.hibernate.cfg.Environment            : HHH000206: hibernate.properties not found
2020-07-21 15:15:27.140  INFO 3199 --- [main] org.hibernate.cfg.Environment            : HHH000021: Bytecode provider name : javassist
2020-07-21 15:15:27.265  INFO 3199 --- [main] o.hibernate.annotations.common.Version   : HCANN000001: Hibernate Commons Annotations {5.0.1.Final}
2020-07-21 15:15:27.791  INFO 3199 --- [main] org.hibernate.dialect.Dialect            : HHH000400: Using dialect: org.hibernate.dialect.H2Dialect
2020-07-21 15:15:29.542  INFO 3199 --- [main] org.hibernate.tool.hbm2ddl.SchemaExport  : HHH000227: Running hbm2ddl schema export
2020-07-21 15:15:29.643  INFO 3199 --- [main] org.hibernate.tool.hbm2ddl.SchemaExport  : HHH000230: Schema export complete
2020-07-21 15:15:29.731  INFO 3199 --- [main] j.LocalContainerEntityManagerFactoryBean : Initialized JPA EntityManagerFactory for persistence unit 'default'
2020-07-21 15:15:29.792  INFO 3199 --- [main] o.s.jdbc.datasource.init.ScriptUtils     : Executing SQL script from URL [jar:file:/home/sai/EDP-DATA-MODULES/GITREPOSITROYDEPLOYMENT/Schema-UI/libs/edp-schema-reg-1.0.jar!/BOOT-INF/classes!/data.sql]
2020-07-21 15:15:29.796  INFO 3199 --- [main] o.s.jdbc.datasource.init.ScriptUtils     : Executed SQL script from URL [jar:file:/home/sai/EDP-DATA-MODULES/GITREPOSITROYDEPLOYMENT/Schema-UI/libs/edp-schema-reg-1.0.jar!/BOOT-INF/classes!/data.sql] in 4 ms.
2020-07-21 15:15:31.281  INFO 3199 --- [main] b.a.s.AuthenticationManagerConfiguration : 

Using default security password: 318096c3-e529-476a-9cb7-35594a2a5713

2020-07-21 15:15:31.401  INFO 3199 --- [main] o.s.s.web.DefaultSecurityFilterChain     : Creating filter chain: Ant [pattern='/'], []
2020-07-21 15:15:31.405  INFO 3199 --- [main] o.s.s.web.DefaultSecurityFilterChain     : Creating filter chain: Ant [pattern='/index.html'], []
2020-07-21 15:15:31.406  INFO 3199 --- [main] o.s.s.web.DefaultSecurityFilterChain     : Creating filter chain: Ant [pattern='/api/user/register'], []
2020-07-21 15:15:31.406  INFO 3199 --- [main] o.s.s.web.DefaultSecurityFilterChain     : Creating filter chain: Ant [pattern='/api/user/login'], []
2020-07-21 15:15:31.406  INFO 3199 --- [main] o.s.s.web.DefaultSecurityFilterChain     : Creating filter chain: Ant [pattern='/api/user/forgot'], []
2020-07-21 15:15:31.406  INFO 3199 --- [main] o.s.s.web.DefaultSecurityFilterChain     : Creating filter chain: Ant [pattern='/api/user/reset'], []
2020-07-21 15:15:31.406  INFO 3199 --- [main] o.s.s.web.DefaultSecurityFilterChain     : Creating filter chain: Ant [pattern='/static/**'], []
2020-07-21 15:15:31.406  INFO 3199 --- [main] o.s.s.web.DefaultSecurityFilterChain     : Creating filter chain: Ant [pattern='/static/*.*.*'], []
2020-07-21 15:15:31.407  INFO 3199 --- [main] o.s.s.web.DefaultSecurityFilterChain     : Creating filter chain: Ant [pattern='/h2-console/**'], []
2020-07-21 15:15:31.407  INFO 3199 --- [main] o.s.s.web.DefaultSecurityFilterChain     : Creating filter chain: Ant [pattern='/assets/**'], []
2020-07-21 15:15:31.407  INFO 3199 --- [main] o.s.s.web.DefaultSecurityFilterChain     : Creating filter chain: Ant [pattern='/*.js'], []
2020-07-21 15:15:31.407  INFO 3199 --- [main] o.s.s.web.DefaultSecurityFilterChain     : Creating filter chain: Ant [pattern='/*.woff'], []
2020-07-21 15:15:31.407  INFO 3199 --- [main] o.s.s.web.DefaultSecurityFilterChain     : Creating filter chain: Ant [pattern='/*.woff2'], []
2020-07-21 15:15:31.407  INFO 3199 --- [main] o.s.s.web.DefaultSecurityFilterChain     : Creating filter chain: Ant [pattern='/*.ttf'], []
2020-07-21 15:15:31.407  INFO 3199 --- [main] o.s.s.web.DefaultSecurityFilterChain     : Creating filter chain: Ant [pattern='/file/**'], []
2020-07-21 15:15:31.408  INFO 3199 --- [main] o.s.s.web.DefaultSecurityFilterChain     : Creating filter chain: Ant [pattern='/js/**'], []
2020-07-21 15:15:31.408  INFO 3199 --- [main] o.s.s.web.DefaultSecurityFilterChain     : Creating filter chain: Ant [pattern='/css/**'], []
2020-07-21 15:15:31.408  INFO 3199 --- [main] o.s.s.web.DefaultSecurityFilterChain     : Creating filter chain: Ant [pattern='/images/**'], []
2020-07-21 15:15:31.408  INFO 3199 --- [main] o.s.s.web.DefaultSecurityFilterChain     : Creating filter chain: Ant [pattern='/favicon.ico'], []
2020-07-21 15:15:31.566  INFO 3199 --- [main] o.s.s.web.DefaultSecurityFilterChain     : Creating filter chain: org.springframework.security.web.util.matcher.AnyRequestMatcher@1, [org.springframework.security.web.context.request.async.WebAsyncManagerIntegrationFilter@75120e58, org.springframework.security.web.context.SecurityContextPersistenceFilter@e26af6, org.springframework.security.web.header.HeaderWriterFilter@3bbf6abe, org.springframework.security.web.authentication.logout.LogoutFilter@235d29d6, com.insightlake.edp.api.user.security.JWTFilter@48976e6d, org.springframework.security.web.authentication.www.BasicAuthenticationFilter@4b4eced1, org.springframework.security.web.savedrequest.RequestCacheAwareFilter@3791f50e, org.springframework.security.web.servletapi.SecurityContextHolderAwareRequestFilter@32177fa5, org.springframework.security.web.authentication.AnonymousAuthenticationFilter@2a367e93, org.springframework.security.web.session.SessionManagementFilter@9b9a327, org.springframework.security.web.access.ExceptionTranslationFilter@1886991b, org.springframework.security.web.access.intercept.FilterSecurityInterceptor@63dfada0]
2020-07-21 15:15:31.577  INFO 3199 --- [main] o.s.s.web.DefaultSecurityFilterChain     : Creating filter chain: Ant [pattern='/h2-console/**'], [org.springframework.security.web.context.request.async.WebAsyncManagerIntegrationFilter@76332405, org.springframework.security.web.context.SecurityContextPersistenceFilter@22752544, org.springframework.security.web.header.HeaderWriterFilter@78b612c6, org.springframework.security.web.authentication.logout.LogoutFilter@3c3820bb, org.springframework.security.web.authentication.www.BasicAuthenticationFilter@376c7d7d, org.springframework.security.web.savedrequest.RequestCacheAwareFilter@21ba2445, org.springframework.security.web.servletapi.SecurityContextHolderAwareRequestFilter@69d23296, org.springframework.security.web.authentication.AnonymousAuthenticationFilter@187e5235, org.springframework.security.web.session.SessionManagementFilter@257e0827, org.springframework.security.web.access.ExceptionTranslationFilter@806996, org.springframework.security.web.access.intercept.FilterSecurityInterceptor@16a9eb2e]
2020-07-21 15:15:31.966  INFO 3199 --- [main] s.w.s.m.m.a.RequestMappingHandlerAdapter : Looking for @ControllerAdvice: org.springframework.boot.context.embedded.AnnotationConfigEmbeddedWebApplicationContext@5387f9e0: startup date [Tue Jul 21 15:15:18 IST 2020]; root of context hierarchy
2020-07-21 15:15:32.106  INFO 3199 --- [main] s.w.s.m.m.a.RequestMappingHandlerMapping : Mapped "{[/api/config/{schemaName}],methods=[PUT]}" onto public void com.insightlake.edp.schemareg.controller.SchemaController.assignCompatibilityLevel(java.lang.String,java.lang.Object)
2020-07-21 15:15:32.108  INFO 3199 --- [main] s.w.s.m.m.a.RequestMappingHandlerMapping : Mapped "{[/api/compatibility/{schemaName}/{version}],methods=[POST]}" onto public org.springframework.http.ResponseEntity<com.insightlake.edp.schemareg.utils.ResponseWrapper<java.lang.Object>> com.insightlake.edp.schemareg.controller.SchemaController.checkCompatibilityLevel(java.lang.String,java.lang.String,java.lang.Object)
2020-07-21 15:15:32.109  INFO 3199 --- [main] s.w.s.m.m.a.RequestMappingHandlerMapping : Mapped "{[/api/db/schema/{schemaName}/{version}],methods=[GET]}" onto public org.springframework.http.ResponseEntity<com.insightlake.edp.schemareg.utils.ResponseWrapper<com.insightlake.edp.schemareg.entity.SchemaDetail>> com.insightlake.edp.schemareg.controller.SchemaController.getSchemaByVersionAndName(java.lang.String,int)
2020-07-21 15:15:32.109  INFO 3199 --- [main] s.w.s.m.m.a.RequestMappingHandlerMapping : Mapped "{[/api/latest/{schemaName}/{version}],methods=[GET]}" onto public org.springframework.http.ResponseEntity<com.insightlake.edp.schemareg.utils.ResponseWrapper<java.lang.Object>> com.insightlake.edp.schemareg.controller.SchemaController.getLatestSchemaVersion(java.lang.String,java.lang.String)
2020-07-21 15:15:32.110  INFO 3199 --- [main] s.w.s.m.m.a.RequestMappingHandlerMapping : Mapped "{[/api/config/{schemaName}],methods=[GET]}" onto public org.springframework.http.ResponseEntity<com.insightlake.edp.schemareg.utils.ResponseWrapper<java.lang.Object>> com.insightlake.edp.schemareg.controller.SchemaController.getSchemaConfig(java.lang.String)
2020-07-21 15:15:32.110  INFO 3199 --- [main] s.w.s.m.m.a.RequestMappingHandlerMapping : Mapped "{[/api/create/{schemaName}],methods=[POST]}" onto public org.springframework.http.ResponseEntity<com.insightlake.edp.schemareg.utils.ResponseWrapper<com.insightlake.edp.schemareg.entity.SchemaMapper>> com.insightlake.edp.schemareg.controller.SchemaController.createSchema(java.lang.String,com.insightlake.edp.schemareg.entity.SchemaDetail) throws org.json.JSONException
2020-07-21 15:15:32.111  INFO 3199 --- [main] s.w.s.m.m.a.RequestMappingHandlerMapping : Mapped "{[/api/getAllSchema],methods=[GET]}" onto public org.springframework.http.ResponseEntity<com.insightlake.edp.schemareg.utils.ResponseWrapper<java.lang.String[]>> com.insightlake.edp.schemareg.controller.SchemaController.getAllSchema()
2020-07-21 15:15:32.117  INFO 3199 --- [main] s.w.s.m.m.a.RequestMappingHandlerMapping : Mapped "{[/api/user/lob/{id}],methods=[GET],produces=[application/json]}" onto public org.springframework.http.ResponseEntity<com.insightlake.edp.common.model.ResponseWrapper<com.insightlake.edp.model.user.Lob>> com.insightlake.edp.api.user.controller.LobController.getEntity(long) throws com.insightlake.edp.common.exception.DbException
2020-07-21 15:15:32.118  INFO 3199 --- [main] s.w.s.m.m.a.RequestMappingHandlerMapping : Mapped "{[/api/user/lob],methods=[PUT],consumes=[application/json],produces=[application/json]}" onto public org.springframework.http.ResponseEntity<com.insightlake.edp.common.model.ResponseWrapper<com.insightlake.edp.model.user.Lob>> com.insightlake.edp.api.user.controller.LobController.updateEntity(com.insightlake.edp.model.user.Lob) throws com.insightlake.edp.common.exception.DbException
2020-07-21 15:15:32.118  INFO 3199 --- [main] s.w.s.m.m.a.RequestMappingHandlerMapping : Mapped "{[/api/user/lob],methods=[DELETE],consumes=[application/json]}" onto public org.springframework.http.ResponseEntity<com.insightlake.edp.common.model.ResponseWrapper<java.lang.String>> com.insightlake.edp.api.user.controller.LobController.deleteEntity(com.insightlake.edp.model.user.Lob) throws com.insightlake.edp.common.exception.DbException
2020-07-21 15:15:32.119  INFO 3199 --- [main] s.w.s.m.m.a.RequestMappingHandlerMapping : Mapped "{[/api/user/lob],methods=[POST],consumes=[application/json],produces=[application/json]}" onto public org.springframework.http.ResponseEntity<com.insightlake.edp.common.model.ResponseWrapper<com.insightlake.edp.model.user.Lob>> com.insightlake.edp.api.user.controller.LobController.createEntity(com.insightlake.edp.model.user.Lob) throws com.insightlake.edp.common.exception.DbException
2020-07-21 15:15:32.119  INFO 3199 --- [main] s.w.s.m.m.a.RequestMappingHandlerMapping : Mapped "{[/api/user/lob],methods=[GET],produces=[application/json]}" onto public org.springframework.http.ResponseEntity<com.insightlake.edp.common.model.ResponseWrapper<java.util.List<com.insightlake.edp.model.user.Lob>>> com.insightlake.edp.api.user.controller.LobController.getAllEntities() throws com.insightlake.edp.common.exception.DbException
2020-07-21 15:15:32.125  INFO 3199 --- [main] s.w.s.m.m.a.RequestMappingHandlerMapping : Mapped "{[/api/user/menus/{id}],methods=[GET],produces=[application/json]}" onto public org.springframework.http.ResponseEntity<com.insightlake.edp.common.model.ResponseWrapper<com.insightlake.edp.model.user.UserMenus>> com.insightlake.edp.api.user.controller.UserMenusController.getEntity(long) throws com.insightlake.edp.common.exception.DbException
2020-07-21 15:15:32.126  INFO 3199 --- [main] s.w.s.m.m.a.RequestMappingHandlerMapping : Mapped "{[/api/user/menus],methods=[PUT],consumes=[application/json],produces=[application/json]}" onto public org.springframework.http.ResponseEntity<com.insightlake.edp.common.model.ResponseWrapper<com.insightlake.edp.model.user.UserMenus>> com.insightlake.edp.api.user.controller.UserMenusController.updateEntity(com.insightlake.edp.model.user.UserMenus) throws com.insightlake.edp.common.exception.DbException
2020-07-21 15:15:32.126  INFO 3199 --- [main] s.w.s.m.m.a.RequestMappingHandlerMapping : Mapped "{[/api/user/menus/{id}],methods=[DELETE],consumes=[application/json]}" onto public org.springframework.http.ResponseEntity<com.insightlake.edp.common.model.ResponseWrapper<java.lang.String>> com.insightlake.edp.api.user.controller.UserMenusController.deleteEntity(long) throws com.insightlake.edp.common.exception.DbException
2020-07-21 15:15:32.126  INFO 3199 --- [main] s.w.s.m.m.a.RequestMappingHandlerMapping : Mapped "{[/api/user/menus],methods=[POST],consumes=[application/json],produces=[application/json]}" onto public org.springframework.http.ResponseEntity<com.insightlake.edp.common.model.ResponseWrapper<com.insightlake.edp.model.user.UserMenus>> com.insightlake.edp.api.user.controller.UserMenusController.createEntity(com.insightlake.edp.model.user.UserMenus) throws com.insightlake.edp.common.exception.DbException
2020-07-21 15:15:32.127  INFO 3199 --- [main] s.w.s.m.m.a.RequestMappingHandlerMapping : Mapped "{[/api/user/menus],methods=[GET],produces=[application/json]}" onto public org.springframework.http.ResponseEntity<com.insightlake.edp.common.model.ResponseWrapper<java.util.List<com.insightlake.edp.model.user.UserMenus>>> com.insightlake.edp.api.user.controller.UserMenusController.getAllEntities() throws com.insightlake.edp.common.exception.DbException
2020-07-21 15:15:32.129  INFO 3199 --- [main] s.w.s.m.m.a.RequestMappingHandlerMapping : Mapped "{[/api/user/roles/{id}],methods=[GET],produces=[application/json]}" onto public org.springframework.http.ResponseEntity<com.insightlake.edp.common.model.ResponseWrapper<com.insightlake.edp.model.user.UserRole>> com.insightlake.edp.api.user.controller.RolesController.getEntity(java.lang.Long) throws com.insightlake.edp.common.exception.DbException
2020-07-21 15:15:32.130  INFO 3199 --- [main] s.w.s.m.m.a.RequestMappingHandlerMapping : Mapped "{[/api/user/roles],methods=[PUT],consumes=[application/json],produces=[application/json]}" onto public org.springframework.http.ResponseEntity<com.insightlake.edp.common.model.ResponseWrapper<com.insightlake.edp.model.user.UserRole>> com.insightlake.edp.api.user.controller.RolesController.updateEntity(com.insightlake.edp.model.user.UserRole) throws com.insightlake.edp.common.exception.DbException
2020-07-21 15:15:32.130  INFO 3199 --- [main] s.w.s.m.m.a.RequestMappingHandlerMapping : Mapped "{[/api/user/roles/{id}],methods=[DELETE],consumes=[application/json]}" onto public org.springframework.http.ResponseEntity<com.insightlake.edp.common.model.ResponseWrapper<java.lang.String>> com.insightlake.edp.api.user.controller.RolesController.deleteEntity(long) throws com.insightlake.edp.common.exception.DbException
2020-07-21 15:15:32.131  INFO 3199 --- [main] s.w.s.m.m.a.RequestMappingHandlerMapping : Mapped "{[/api/user/roles],methods=[POST],consumes=[application/json],produces=[application/json]}" onto public org.springframework.http.ResponseEntity<com.insightlake.edp.common.model.ResponseWrapper<com.insightlake.edp.model.user.UserRole>> com.insightlake.edp.api.user.controller.RolesController.createEntity(com.insightlake.edp.model.user.UserRole) throws com.insightlake.edp.common.exception.DbException
2020-07-21 15:15:32.132  INFO 3199 --- [main] s.w.s.m.m.a.RequestMappingHandlerMapping : Mapped "{[/api/user/roles],methods=[GET],produces=[application/json]}" onto public org.springframework.http.ResponseEntity<com.insightlake.edp.common.model.ResponseWrapper<java.util.List<com.insightlake.edp.model.user.UserRole>>> com.insightlake.edp.api.user.controller.RolesController.getAllEntities() throws com.insightlake.edp.common.exception.DbException
2020-07-21 15:15:32.134  INFO 3199 --- [main] s.w.s.m.m.a.RequestMappingHandlerMapping : Mapped "{[/api/user/groupmembers/{id}],methods=[GET],produces=[application/json]}" onto public org.springframework.http.ResponseEntity<com.insightlake.edp.common.model.ResponseWrapper<com.insightlake.edp.model.user.UserGroupMember>> com.insightlake.edp.api.user.controller.UserGroupMembersController.getEntity(long) throws com.insightlake.edp.common.exception.DbException
2020-07-21 15:15:32.135  INFO 3199 --- [main] s.w.s.m.m.a.RequestMappingHandlerMapping : Mapped "{[/api/user/groupmembers/getAll/{groupId}],methods=[GET],produces=[application/json]}" onto public org.springframework.http.ResponseEntity<com.insightlake.edp.common.model.ResponseWrapper<java.util.List<com.insightlake.edp.model.user.User>>> com.insightlake.edp.api.user.controller.UserGroupMembersController.getAllUsers(long) throws com.insightlake.edp.common.exception.DbException
2020-07-21 15:15:32.135  INFO 3199 --- [main] s.w.s.m.m.a.RequestMappingHandlerMapping : Mapped "{[/api/user/groupmembers],methods=[PUT],consumes=[application/json],produces=[application/json]}" onto public org.springframework.http.ResponseEntity<com.insightlake.edp.common.model.ResponseWrapper<com.insightlake.edp.model.user.UserGroupMember>> com.insightlake.edp.api.user.controller.UserGroupMembersController.updateEntity(com.insightlake.edp.model.user.UserGroupMember) throws com.insightlake.edp.common.exception.DbException
2020-07-21 15:15:32.136  INFO 3199 --- [main] s.w.s.m.m.a.RequestMappingHandlerMapping : Mapped "{[/api/user/groupmembers/{id}],methods=[DELETE],consumes=[application/json]}" onto public org.springframework.http.ResponseEntity<com.insightlake.edp.common.model.ResponseWrapper<java.lang.String>> com.insightlake.edp.api.user.controller.UserGroupMembersController.deleteEntity(long) throws com.insightlake.edp.common.exception.DbException
2020-07-21 15:15:32.136  INFO 3199 --- [main] s.w.s.m.m.a.RequestMappingHandlerMapping : Mapped "{[/api/user/groupmembers],methods=[POST],consumes=[application/json],produces=[application/json]}" onto public org.springframework.http.ResponseEntity<com.insightlake.edp.common.model.ResponseWrapper<com.insightlake.edp.model.user.UserGroupMember>> com.insightlake.edp.api.user.controller.UserGroupMembersController.createEntity(com.insightlake.edp.model.user.UserGroupMember) throws com.insightlake.edp.common.exception.DbException
2020-07-21 15:15:32.136  INFO 3199 --- [main] s.w.s.m.m.a.RequestMappingHandlerMapping : Mapped "{[/api/user/groupmembers],methods=[GET],produces=[application/json]}" onto public org.springframework.http.ResponseEntity<com.insightlake.edp.common.model.ResponseWrapper<java.util.List<com.insightlake.edp.model.user.UserGroupMember>>> com.insightlake.edp.api.user.controller.UserGroupMembersController.getAllEntities() throws com.insightlake.edp.common.exception.DbException
2020-07-21 15:15:32.139  INFO 3199 --- [main] s.w.s.m.m.a.RequestMappingHandlerMapping : Mapped "{[/api/user/app/{id}],methods=[GET],produces=[application/json]}" onto public org.springframework.http.ResponseEntity<com.insightlake.edp.common.model.ResponseWrapper<com.insightlake.edp.model.user.App>> com.insightlake.edp.api.user.controller.AppController.getEntity(long) throws com.insightlake.edp.common.exception.DbException
2020-07-21 15:15:32.140  INFO 3199 --- [main] s.w.s.m.m.a.RequestMappingHandlerMapping : Mapped "{[/api/user/app],methods=[PUT],consumes=[application/json],produces=[application/json]}" onto public org.springframework.http.ResponseEntity<com.insightlake.edp.common.model.ResponseWrapper<com.insightlake.edp.model.user.App>> com.insightlake.edp.api.user.controller.AppController.updateEntity(com.insightlake.edp.model.user.App) throws com.insightlake.edp.common.exception.DbException
2020-07-21 15:15:32.140  INFO 3199 --- [main] s.w.s.m.m.a.RequestMappingHandlerMapping : Mapped "{[/api/user/app],methods=[DELETE],consumes=[application/json]}" onto public org.springframework.http.ResponseEntity<com.insightlake.edp.common.model.ResponseWrapper<java.lang.String>> com.insightlake.edp.api.user.controller.AppController.deleteEntity(com.insightlake.edp.model.user.App) throws com.insightlake.edp.common.exception.DbException
2020-07-21 15:15:32.141  INFO 3199 --- [main] s.w.s.m.m.a.RequestMappingHandlerMapping : Mapped "{[/api/user/app],methods=[POST],consumes=[application/json],produces=[application/json]}" onto public org.springframework.http.ResponseEntity<com.insightlake.edp.common.model.ResponseWrapper<com.insightlake.edp.model.user.App>> com.insightlake.edp.api.user.controller.AppController.createEntity(com.insightlake.edp.model.user.App) throws com.insightlake.edp.common.exception.DbException
2020-07-21 15:15:32.141  INFO 3199 --- [main] s.w.s.m.m.a.RequestMappingHandlerMapping : Mapped "{[/api/user/app],methods=[GET],produces=[application/json]}" onto public org.springframework.http.ResponseEntity<com.insightlake.edp.common.model.ResponseWrapper<java.util.List<com.insightlake.edp.model.user.App>>> com.insightlake.edp.api.user.controller.AppController.getAllEntities() throws com.insightlake.edp.common.exception.DbException
2020-07-21 15:15:32.143  INFO 3199 --- [main] s.w.s.m.m.a.RequestMappingHandlerMapping : Mapped "{[/api/user/org/{id}],methods=[GET],produces=[application/json]}" onto public org.springframework.http.ResponseEntity<com.insightlake.edp.common.model.ResponseWrapper<com.insightlake.edp.model.user.Organization>> com.insightlake.edp.api.user.controller.OrganizationController.getEntity(long) throws com.insightlake.edp.common.exception.DbException
2020-07-21 15:15:32.144  INFO 3199 --- [main] s.w.s.m.m.a.RequestMappingHandlerMapping : Mapped "{[/api/user/org],methods=[PUT],consumes=[application/json],produces=[application/json]}" onto public org.springframework.http.ResponseEntity<com.insightlake.edp.common.model.ResponseWrapper<com.insightlake.edp.model.user.Organization>> com.insightlake.edp.api.user.controller.OrganizationController.updateEntity(com.insightlake.edp.model.user.Organization) throws com.insightlake.edp.common.exception.DbException
2020-07-21 15:15:32.145  INFO 3199 --- [main] s.w.s.m.m.a.RequestMappingHandlerMapping : Mapped "{[/api/user/org],methods=[DELETE],consumes=[application/json]}" onto public org.springframework.http.ResponseEntity<com.insightlake.edp.common.model.ResponseWrapper<java.lang.String>> com.insightlake.edp.api.user.controller.OrganizationController.deleteEntity(com.insightlake.edp.model.user.Organization) throws com.insightlake.edp.common.exception.DbException
2020-07-21 15:15:32.146  INFO 3199 --- [main] s.w.s.m.m.a.RequestMappingHandlerMapping : Mapped "{[/api/user/org],methods=[POST],consumes=[application/json],produces=[application/json]}" onto public org.springframework.http.ResponseEntity<com.insightlake.edp.common.model.ResponseWrapper<com.insightlake.edp.model.user.Organization>> com.insightlake.edp.api.user.controller.OrganizationController.createEntity(com.insightlake.edp.model.user.Organization) throws com.insightlake.edp.common.exception.DbException
2020-07-21 15:15:32.147  INFO 3199 --- [main] s.w.s.m.m.a.RequestMappingHandlerMapping : Mapped "{[/api/user/org],methods=[GET],produces=[application/json]}" onto public org.springframework.http.ResponseEntity<com.insightlake.edp.common.model.ResponseWrapper<java.util.List<com.insightlake.edp.model.user.Organization>>> com.insightlake.edp.api.user.controller.OrganizationController.getAllEntities() throws com.insightlake.edp.common.exception.DbException
2020-07-21 15:15:32.152  INFO 3199 --- [main] s.w.s.m.m.a.RequestMappingHandlerMapping : Mapped "{[/api/user/user]}" onto public com.insightlake.edp.model.user.User com.insightlake.edp.api.user.controller.UserController.user(java.security.Principal)
2020-07-21 15:15:32.152  INFO 3199 --- [main] s.w.s.m.m.a.RequestMappingHandlerMapping : Mapped "{[/api/user/login],methods=[POST]}" onto public org.springframework.http.ResponseEntity<com.insightlake.edp.common.model.ResponseWrapper<java.util.Map<java.lang.String, java.lang.Object>>> com.insightlake.edp.api.user.controller.UserController.login(com.insightlake.edp.model.user.User) throws java.io.IOException
2020-07-21 15:15:32.153  INFO 3199 --- [main] s.w.s.m.m.a.RequestMappingHandlerMapping : Mapped "{[/api/user/get],methods=[GET]}" onto public org.springframework.http.ResponseEntity<com.insightlake.edp.common.model.ResponseWrapper<com.insightlake.edp.model.user.User>> com.insightlake.edp.api.user.controller.UserController.userByUserName(java.lang.String)
2020-07-21 15:15:32.153  INFO 3199 --- [main] s.w.s.m.m.a.RequestMappingHandlerMapping : Mapped "{[/api/user/forgot],methods=[POST]}" onto public org.springframework.http.ResponseEntity<com.insightlake.edp.common.model.ResponseWrapper<com.insightlake.edp.model.user.User>> com.insightlake.edp.api.user.controller.UserController.forgetPassword(com.insightlake.edp.model.user.User)
2020-07-21 15:15:32.154  INFO 3199 --- [main] s.w.s.m.m.a.RequestMappingHandlerMapping : Mapped "{[/api/user/reset],methods=[POST]}" onto public org.springframework.http.ResponseEntity<com.insightlake.edp.common.model.ResponseWrapper<com.insightlake.edp.model.user.User>> com.insightlake.edp.api.user.controller.UserController.resetPassword(com.insightlake.edp.model.user.User)
2020-07-21 15:15:32.154  INFO 3199 --- [main] s.w.s.m.m.a.RequestMappingHandlerMapping : Mapped "{[/api/user/delete],methods=[DELETE]}" onto public org.springframework.http.ResponseEntity<com.insightlake.edp.common.model.ResponseWrapper<java.lang.String>> com.insightlake.edp.api.user.controller.UserController.deleteUser(long)
2020-07-21 15:15:32.155  INFO 3199 --- [main] s.w.s.m.m.a.RequestMappingHandlerMapping : Mapped "{[/api/user/getAll],methods=[GET]}" onto public org.springframework.http.ResponseEntity<com.insightlake.edp.common.model.ResponseWrapper<java.util.List<com.insightlake.edp.model.user.User>>> com.insightlake.edp.api.user.controller.UserController.getAllUsers()
2020-07-21 15:15:32.155  INFO 3199 --- [main] s.w.s.m.m.a.RequestMappingHandlerMapping : Mapped "{[/api/user/register],methods=[POST]}" onto public org.springframework.http.ResponseEntity<com.insightlake.edp.common.model.ResponseWrapper<com.insightlake.edp.model.user.User>> com.insightlake.edp.api.user.controller.UserController.createUser(com.insightlake.edp.model.user.User)
2020-07-21 15:15:32.156  INFO 3199 --- [main] s.w.s.m.m.a.RequestMappingHandlerMapping : Mapped "{[/api/user/update],methods=[POST]}" onto public org.springframework.http.ResponseEntity<com.insightlake.edp.common.model.ResponseWrapper<com.insightlake.edp.model.user.User>> com.insightlake.edp.api.user.controller.UserController.updateUser(com.insightlake.edp.model.user.User)
2020-07-21 15:15:32.158  INFO 3199 --- [main] s.w.s.m.m.a.RequestMappingHandlerMapping : Mapped "{[/api/user/group/{id}],methods=[GET],produces=[application/json]}" onto public org.springframework.http.ResponseEntity<com.insightlake.edp.common.model.ResponseWrapper<com.insightlake.edp.model.user.UserGroup>> com.insightlake.edp.api.user.controller.UserGroupController.getEntity(long) throws com.insightlake.edp.common.exception.DbException
2020-07-21 15:15:32.159  INFO 3199 --- [main] s.w.s.m.m.a.RequestMappingHandlerMapping : Mapped "{[/api/user/group],methods=[PUT],consumes=[application/json],produces=[application/json]}" onto public org.springframework.http.ResponseEntity<com.insightlake.edp.common.model.ResponseWrapper<com.insightlake.edp.model.user.UserGroup>> com.insightlake.edp.api.user.controller.UserGroupController.updateEntity(com.insightlake.edp.model.user.UserGroup) throws com.insightlake.edp.common.exception.DbException
2020-07-21 15:15:32.159  INFO 3199 --- [main] s.w.s.m.m.a.RequestMappingHandlerMapping : Mapped "{[/api/user/group/{id}],methods=[DELETE],consumes=[application/json]}" onto public org.springframework.http.ResponseEntity<com.insightlake.edp.common.model.ResponseWrapper<java.lang.String>> com.insightlake.edp.api.user.controller.UserGroupController.deleteEntity(long) throws com.insightlake.edp.common.exception.DbException
2020-07-21 15:15:32.159  INFO 3199 --- [main] s.w.s.m.m.a.RequestMappingHandlerMapping : Mapped "{[/api/user/group],methods=[POST],consumes=[application/json],produces=[application/json]}" onto public org.springframework.http.ResponseEntity<com.insightlake.edp.common.model.ResponseWrapper<com.insightlake.edp.model.user.UserGroup>> com.insightlake.edp.api.user.controller.UserGroupController.createEntity(com.insightlake.edp.model.user.UserGroup) throws com.insightlake.edp.common.exception.DbException
2020-07-21 15:15:32.160  INFO 3199 --- [main] s.w.s.m.m.a.RequestMappingHandlerMapping : Mapped "{[/api/user/group],methods=[GET],produces=[application/json]}" onto public org.springframework.http.ResponseEntity<com.insightlake.edp.common.model.ResponseWrapper<java.util.List<com.insightlake.edp.model.user.UserGroup>>> com.insightlake.edp.api.user.controller.UserGroupController.getAllEntities() throws com.insightlake.edp.common.exception.DbException
2020-07-21 15:15:32.162  INFO 3199 --- [main] s.w.s.m.m.a.RequestMappingHandlerMapping : Mapped "{[/cluster/add],methods=[POST]}" onto public org.springframework.http.ResponseEntity<com.insightlake.edp.kafka.utils.ResponseWrapper<com.insightlake.edp.kafka.entity.Cluster>> com.insightlake.edp.kafka.controller.ClusterController.saveReport(com.insightlake.edp.kafka.entity.Cluster)
2020-07-21 15:15:32.163  INFO 3199 --- [main] s.w.s.m.m.a.RequestMappingHandlerMapping : Mapped "{[/cluster/all],methods=[GET]}" onto public org.springframework.http.ResponseEntity<com.insightlake.edp.kafka.utils.ResponseWrapper<java.util.List<com.insightlake.edp.kafka.entity.Cluster>>> com.insightlake.edp.kafka.controller.ClusterController.getKafkaPerfTestDetail() throws java.lang.Exception
2020-07-21 15:15:32.163  INFO 3199 --- [main] s.w.s.m.m.a.RequestMappingHandlerMapping : Mapped "{[/cluster/update],methods=[PUT]}" onto public org.springframework.http.ResponseEntity<com.insightlake.edp.kafka.utils.ResponseWrapper<com.insightlake.edp.kafka.entity.Cluster>> com.insightlake.edp.kafka.controller.ClusterController.updateReport(com.insightlake.edp.kafka.entity.Cluster)
2020-07-21 15:15:32.164  INFO 3199 --- [main] s.w.s.m.m.a.RequestMappingHandlerMapping : Mapped "{[/cluster/delete/{id}],methods=[DELETE]}" onto public org.springframework.http.ResponseEntity<com.insightlake.edp.kafka.utils.ResponseWrapper<com.insightlake.edp.kafka.entity.Cluster>> com.insightlake.edp.kafka.controller.ClusterController.deleteReport(java.lang.Long)
2020-07-21 15:15:32.164  INFO 3199 --- [main] s.w.s.m.m.a.RequestMappingHandlerMapping : Mapped "{[/cluster/{id}],methods=[GET]}" onto public org.springframework.http.ResponseEntity<com.insightlake.edp.kafka.utils.ResponseWrapper<com.insightlake.edp.kafka.entity.Cluster>> com.insightlake.edp.kafka.controller.ClusterController.changeCluster(java.lang.Long)
2020-07-21 15:15:32.164  INFO 3199 --- [main] s.w.s.m.m.a.RequestMappingHandlerMapping : Mapped "{[/cluster/{id}/hosts/all],methods=[GET]}" onto public org.springframework.http.ResponseEntity<com.insightlake.edp.kafka.utils.ResponseWrapper<java.util.List<com.insightlake.edp.kafka.entity.Host>>> com.insightlake.edp.kafka.controller.ClusterController.getHosts(java.lang.String) throws java.lang.Exception
2020-07-21 15:15:32.165  INFO 3199 --- [main] s.w.s.m.m.a.RequestMappingHandlerMapping : Mapped "{[/cluster/{id}/services/all],methods=[GET]}" onto public org.springframework.http.ResponseEntity<com.insightlake.edp.kafka.utils.ResponseWrapper<java.util.List<com.insightlake.edp.kafka.entity.Service>>> com.insightlake.edp.kafka.controller.ClusterController.getServices(java.lang.String) throws java.lang.Exception
2020-07-21 15:15:32.169  INFO 3199 --- [main] s.w.s.m.m.a.RequestMappingHandlerMapping : Mapped "{[/error],produces=[text/html]}" onto public org.springframework.web.servlet.ModelAndView org.springframework.boot.autoconfigure.web.BasicErrorController.errorHtml(javax.servlet.http.HttpServletRequest,javax.servlet.http.HttpServletResponse)
2020-07-21 15:15:32.169  INFO 3199 --- [main] s.w.s.m.m.a.RequestMappingHandlerMapping : Mapped "{[/error]}" onto public org.springframework.http.ResponseEntity<java.util.Map<java.lang.String, java.lang.Object>> org.springframework.boot.autoconfigure.web.BasicErrorController.error(javax.servlet.http.HttpServletRequest)
2020-07-21 15:15:32.238  INFO 3199 --- [main] o.s.w.s.handler.SimpleUrlHandlerMapping  : Mapped URL path [/webjars/**] onto handler of type [class org.springframework.web.servlet.resource.ResourceHttpRequestHandler]
2020-07-21 15:15:32.238  INFO 3199 --- [main] o.s.w.s.handler.SimpleUrlHandlerMapping  : Mapped URL path [/**] onto handler of type [class org.springframework.web.servlet.resource.ResourceHttpRequestHandler]
2020-07-21 15:15:32.321  INFO 3199 --- [main] o.s.w.s.handler.SimpleUrlHandlerMapping  : Mapped URL path [/**/favicon.ico] onto handler of type [class org.springframework.web.servlet.resource.ResourceHttpRequestHandler]
2020-07-21 15:15:32.363  INFO 3199 --- [main] oConfiguration$WelcomePageHandlerMapping : Adding welcome page: class path resource [static/index.html]
2020-07-21 15:15:32.745  INFO 3199 --- [main] o.s.j.e.a.AnnotationMBeanExporter        : Registering beans for JMX exposure on startup
2020-07-21 15:15:32.831  INFO 3199 --- [main] s.b.c.e.t.TomcatEmbeddedServletContainer : Tomcat started on port(s): 9494 (http)
2020-07-21 15:15:32.838  INFO 3199 --- [main] c.i.edp.schemareg.EdpSchemaReg           : Started EdpSchemaReg in 16.06 seconds (JVM running for 17.22)
2020-07-21 15:16:33.342  INFO 3199 --- [http-nio-9494-exec-1] o.a.c.c.C.[.[localhost].[/edp-kafka]     : Initializing Spring FrameworkServlet 'dispatcherServlet'
2020-07-21 15:16:33.342  INFO 3199 --- [http-nio-9494-exec-1] o.s.web.servlet.DispatcherServlet        : FrameworkServlet 'dispatcherServlet': initialization started
2020-07-21 15:16:33.366  INFO 3199 --- [http-nio-9494-exec-1] o.s.web.servlet.DispatcherServlet        : FrameworkServlet 'dispatcherServlet': initialization completed in 24 ms
2020-07-21 15:16:33.557  INFO 3199 --- [http-nio-9494-exec-3] o.h.h.i.QueryTranslatorFactoryInitiator  : HHH000397: Using ASTQueryTranslatorFactory
2020-07-21 15:19:08.187  INFO 4200 --- [main] c.i.edp.schemareg.EdpSchemaReg           : Starting EdpSchemaReg v1.0 on root with PID 4200 (/home/sai/EDP-DATA-MODULES/GITREPOSITROYDEPLOYMENT/Schema-UI/libs/edp-schema-reg-1.0.jar started by root in /home/sai/EDP-DATA-MODULES/GITREPOSITROYDEPLOYMENT/Schema-UI/logs)
2020-07-21 15:19:08.210  INFO 4200 --- [main] c.i.edp.schemareg.EdpSchemaReg           : No active profile set, falling back to default profiles: default
2020-07-21 15:19:08.579  INFO 4200 --- [main] ationConfigEmbeddedWebApplicationContext : Refreshing org.springframework.boot.context.embedded.AnnotationConfigEmbeddedWebApplicationContext@5387f9e0: startup date [Tue Jul 21 15:19:08 IST 2020]; root of context hierarchy
2020-07-21 15:19:15.116  INFO 4200 --- [main] s.b.c.e.t.TomcatEmbeddedServletContainer : Tomcat initialized with port(s): 9494 (http)
2020-07-21 15:19:15.143  INFO 4200 --- [main] o.apache.catalina.core.StandardService   : Starting service Tomcat
2020-07-21 15:19:15.146  INFO 4200 --- [main] org.apache.catalina.core.StandardEngine  : Starting Servlet Engine: Apache Tomcat/8.5.14
2020-07-21 15:19:15.258  INFO 4200 --- [localhost-startStop-1] o.a.c.c.C.[.[localhost].[/edp-kafka]     : Initializing Spring embedded WebApplicationContext
2020-07-21 15:19:15.258  INFO 4200 --- [localhost-startStop-1] o.s.web.context.ContextLoader            : Root WebApplicationContext: initialization completed in 6686 ms
2020-07-21 15:19:15.566  INFO 4200 --- [localhost-startStop-1] o.s.b.w.servlet.FilterRegistrationBean   : Mapping filter: 'characterEncodingFilter' to: [/*]
2020-07-21 15:19:15.566  INFO 4200 --- [localhost-startStop-1] o.s.b.w.servlet.FilterRegistrationBean   : Mapping filter: 'hiddenHttpMethodFilter' to: [/*]
2020-07-21 15:19:15.566  INFO 4200 --- [localhost-startStop-1] o.s.b.w.servlet.FilterRegistrationBean   : Mapping filter: 'httpPutFormContentFilter' to: [/*]
2020-07-21 15:19:15.566  INFO 4200 --- [localhost-startStop-1] o.s.b.w.servlet.FilterRegistrationBean   : Mapping filter: 'requestContextFilter' to: [/*]
2020-07-21 15:19:15.568  INFO 4200 --- [localhost-startStop-1] .s.DelegatingFilterProxyRegistrationBean : Mapping filter: 'springSecurityFilterChain' to: [/*]
2020-07-21 15:19:15.568  INFO 4200 --- [localhost-startStop-1] o.s.b.w.servlet.FilterRegistrationBean   : Mapping filter: 'someFilterRegistration' to: [/*]
2020-07-21 15:19:15.568  INFO 4200 --- [localhost-startStop-1] o.s.b.w.servlet.ServletRegistrationBean  : Mapping servlet: 'dispatcherServlet' to [/]
2020-07-21 15:19:15.570  INFO 4200 --- [localhost-startStop-1] o.s.b.w.servlet.ServletRegistrationBean  : Mapping servlet: 'webServlet' to [/h2-console/*]
2020-07-21 15:19:16.389  INFO 4200 --- [main] j.LocalContainerEntityManagerFactoryBean : Building JPA container EntityManagerFactory for persistence unit 'default'
2020-07-21 15:19:16.415  INFO 4200 --- [main] o.hibernate.jpa.internal.util.LogHelper  : HHH000204: Processing PersistenceUnitInfo [
	name: default
	...]
2020-07-21 15:19:16.535  INFO 4200 --- [main] org.hibernate.Version                    : HHH000412: Hibernate Core {5.0.12.Final}
2020-07-21 15:19:16.538  INFO 4200 --- [main] org.hibernate.cfg.Environment            : HHH000206: hibernate.properties not found
2020-07-21 15:19:16.541  INFO 4200 --- [main] org.hibernate.cfg.Environment            : HHH000021: Bytecode provider name : javassist
2020-07-21 15:19:16.830  INFO 4200 --- [main] o.hibernate.annotations.common.Version   : HCANN000001: Hibernate Commons Annotations {5.0.1.Final}
2020-07-21 15:19:17.175  INFO 4200 --- [main] org.hibernate.dialect.Dialect            : HHH000400: Using dialect: org.hibernate.dialect.H2Dialect
2020-07-21 15:19:18.642  INFO 4200 --- [main] org.hibernate.tool.hbm2ddl.SchemaExport  : HHH000227: Running hbm2ddl schema export
2020-07-21 15:19:18.759  INFO 4200 --- [main] org.hibernate.tool.hbm2ddl.SchemaExport  : HHH000230: Schema export complete
2020-07-21 15:19:18.835  INFO 4200 --- [main] j.LocalContainerEntityManagerFactoryBean : Initialized JPA EntityManagerFactory for persistence unit 'default'
2020-07-21 15:19:18.902  INFO 4200 --- [main] o.s.jdbc.datasource.init.ScriptUtils     : Executing SQL script from URL [jar:file:/home/sai/EDP-DATA-MODULES/GITREPOSITROYDEPLOYMENT/Schema-UI/libs/edp-schema-reg-1.0.jar!/BOOT-INF/classes!/data.sql]
2020-07-21 15:19:18.905  INFO 4200 --- [main] o.s.jdbc.datasource.init.ScriptUtils     : Executed SQL script from URL [jar:file:/home/sai/EDP-DATA-MODULES/GITREPOSITROYDEPLOYMENT/Schema-UI/libs/edp-schema-reg-1.0.jar!/BOOT-INF/classes!/data.sql] in 3 ms.
2020-07-21 15:19:20.244  INFO 4200 --- [main] b.a.s.AuthenticationManagerConfiguration : 

Using default security password: 3f8719cd-41d9-4309-844d-6364875d4155

2020-07-21 15:19:20.322  INFO 4200 --- [main] o.s.s.web.DefaultSecurityFilterChain     : Creating filter chain: Ant [pattern='/'], []
2020-07-21 15:19:20.322  INFO 4200 --- [main] o.s.s.web.DefaultSecurityFilterChain     : Creating filter chain: Ant [pattern='/index.html'], []
2020-07-21 15:19:20.323  INFO 4200 --- [main] o.s.s.web.DefaultSecurityFilterChain     : Creating filter chain: Ant [pattern='/api/user/register'], []
2020-07-21 15:19:20.323  INFO 4200 --- [main] o.s.s.web.DefaultSecurityFilterChain     : Creating filter chain: Ant [pattern='/api/user/login'], []
2020-07-21 15:19:20.323  INFO 4200 --- [main] o.s.s.web.DefaultSecurityFilterChain     : Creating filter chain: Ant [pattern='/api/user/forgot'], []
2020-07-21 15:19:20.323  INFO 4200 --- [main] o.s.s.web.DefaultSecurityFilterChain     : Creating filter chain: Ant [pattern='/api/user/reset'], []
2020-07-21 15:19:20.323  INFO 4200 --- [main] o.s.s.web.DefaultSecurityFilterChain     : Creating filter chain: Ant [pattern='/static/**'], []
2020-07-21 15:19:20.323  INFO 4200 --- [main] o.s.s.web.DefaultSecurityFilterChain     : Creating filter chain: Ant [pattern='/static/*.*.*'], []
2020-07-21 15:19:20.323  INFO 4200 --- [main] o.s.s.web.DefaultSecurityFilterChain     : Creating filter chain: Ant [pattern='/h2-console/**'], []
2020-07-21 15:19:20.323  INFO 4200 --- [main] o.s.s.web.DefaultSecurityFilterChain     : Creating filter chain: Ant [pattern='/assets/**'], []
2020-07-21 15:19:20.323  INFO 4200 --- [main] o.s.s.web.DefaultSecurityFilterChain     : Creating filter chain: Ant [pattern='/*.js'], []
2020-07-21 15:19:20.323  INFO 4200 --- [main] o.s.s.web.DefaultSecurityFilterChain     : Creating filter chain: Ant [pattern='/*.woff'], []
2020-07-21 15:19:20.324  INFO 4200 --- [main] o.s.s.web.DefaultSecurityFilterChain     : Creating filter chain: Ant [pattern='/*.woff2'], []
2020-07-21 15:19:20.324  INFO 4200 --- [main] o.s.s.web.DefaultSecurityFilterChain     : Creating filter chain: Ant [pattern='/*.ttf'], []
2020-07-21 15:19:20.324  INFO 4200 --- [main] o.s.s.web.DefaultSecurityFilterChain     : Creating filter chain: Ant [pattern='/file/**'], []
2020-07-21 15:19:20.324  INFO 4200 --- [main] o.s.s.web.DefaultSecurityFilterChain     : Creating filter chain: Ant [pattern='/js/**'], []
2020-07-21 15:19:20.324  INFO 4200 --- [main] o.s.s.web.DefaultSecurityFilterChain     : Creating filter chain: Ant [pattern='/css/**'], []
2020-07-21 15:19:20.324  INFO 4200 --- [main] o.s.s.web.DefaultSecurityFilterChain     : Creating filter chain: Ant [pattern='/images/**'], []
2020-07-21 15:19:20.324  INFO 4200 --- [main] o.s.s.web.DefaultSecurityFilterChain     : Creating filter chain: Ant [pattern='/favicon.ico'], []
2020-07-21 15:19:20.473  INFO 4200 --- [main] o.s.s.web.DefaultSecurityFilterChain     : Creating filter chain: org.springframework.security.web.util.matcher.AnyRequestMatcher@1, [org.springframework.security.web.context.request.async.WebAsyncManagerIntegrationFilter@22a10ac6, org.springframework.security.web.context.SecurityContextPersistenceFilter@187e5235, org.springframework.security.web.header.HeaderWriterFilter@4784efd9, org.springframework.security.web.authentication.logout.LogoutFilter@3fd9e827, com.insightlake.edp.api.user.security.JWTFilter@12fe1f28, org.springframework.security.web.authentication.www.BasicAuthenticationFilter@5e1dde44, org.springframework.security.web.savedrequest.RequestCacheAwareFilter@5434e40c, org.springframework.security.web.servletapi.SecurityContextHolderAwareRequestFilter@30c1da48, org.springframework.security.web.authentication.AnonymousAuthenticationFilter@503df2d0, org.springframework.security.web.session.SessionManagementFilter@427ae189, org.springframework.security.web.access.ExceptionTranslationFilter@21ba2445, org.springframework.security.web.access.intercept.FilterSecurityInterceptor@7d904ff1]
2020-07-21 15:19:20.485  INFO 4200 --- [main] o.s.s.web.DefaultSecurityFilterChain     : Creating filter chain: Ant [pattern='/h2-console/**'], [org.springframework.security.web.context.request.async.WebAsyncManagerIntegrationFilter@60d40ff4, org.springframework.security.web.context.SecurityContextPersistenceFilter@4d266391, org.springframework.security.web.header.HeaderWriterFilter@c29fe36, org.springframework.security.web.authentication.logout.LogoutFilter@78e17a99, org.springframework.security.web.authentication.www.BasicAuthenticationFilter@625a4ff, org.springframework.security.web.savedrequest.RequestCacheAwareFilter@7847ef2c, org.springframework.security.web.servletapi.SecurityContextHolderAwareRequestFilter@3b5c665c, org.springframework.security.web.authentication.AnonymousAuthenticationFilter@2e5b7fba, org.springframework.security.web.session.SessionManagementFilter@6614bd4b, org.springframework.security.web.access.ExceptionTranslationFilter@655a01d8, org.springframework.security.web.access.intercept.FilterSecurityInterceptor@41853299]
2020-07-21 15:19:20.737  INFO 4200 --- [main] s.w.s.m.m.a.RequestMappingHandlerAdapter : Looking for @ControllerAdvice: org.springframework.boot.context.embedded.AnnotationConfigEmbeddedWebApplicationContext@5387f9e0: startup date [Tue Jul 21 15:19:08 IST 2020]; root of context hierarchy
2020-07-21 15:19:20.871  INFO 4200 --- [main] s.w.s.m.m.a.RequestMappingHandlerMapping : Mapped "{[/api/compatibility/{schemaName}/{version}],methods=[POST]}" onto public org.springframework.http.ResponseEntity<com.insightlake.edp.schemareg.utils.ResponseWrapper<java.lang.Object>> com.insightlake.edp.schemareg.controller.SchemaController.checkCompatibilityLevel(java.lang.String,java.lang.String,java.lang.Object)
2020-07-21 15:19:20.872  INFO 4200 --- [main] s.w.s.m.m.a.RequestMappingHandlerMapping : Mapped "{[/api/config/{schemaName}],methods=[PUT]}" onto public void com.insightlake.edp.schemareg.controller.SchemaController.assignCompatibilityLevel(java.lang.String,java.lang.Object)
2020-07-21 15:19:20.873  INFO 4200 --- [main] s.w.s.m.m.a.RequestMappingHandlerMapping : Mapped "{[/api/latest/{schemaName}/{version}],methods=[GET]}" onto public org.springframework.http.ResponseEntity<com.insightlake.edp.schemareg.utils.ResponseWrapper<java.lang.Object>> com.insightlake.edp.schemareg.controller.SchemaController.getLatestSchemaVersion(java.lang.String,java.lang.String)
2020-07-21 15:19:20.873  INFO 4200 --- [main] s.w.s.m.m.a.RequestMappingHandlerMapping : Mapped "{[/api/config/{schemaName}],methods=[GET]}" onto public org.springframework.http.ResponseEntity<com.insightlake.edp.schemareg.utils.ResponseWrapper<java.lang.Object>> com.insightlake.edp.schemareg.controller.SchemaController.getSchemaConfig(java.lang.String)
2020-07-21 15:19:20.874  INFO 4200 --- [main] s.w.s.m.m.a.RequestMappingHandlerMapping : Mapped "{[/api/db/schema/{schemaName}/{version}],methods=[GET]}" onto public org.springframework.http.ResponseEntity<com.insightlake.edp.schemareg.utils.ResponseWrapper<com.insightlake.edp.schemareg.entity.SchemaDetail>> com.insightlake.edp.schemareg.controller.SchemaController.getSchemaByVersionAndName(java.lang.String,int)
2020-07-21 15:19:20.874  INFO 4200 --- [main] s.w.s.m.m.a.RequestMappingHandlerMapping : Mapped "{[/api/getAllSchema],methods=[GET]}" onto public org.springframework.http.ResponseEntity<com.insightlake.edp.schemareg.utils.ResponseWrapper<java.lang.String[]>> com.insightlake.edp.schemareg.controller.SchemaController.getAllSchema()
2020-07-21 15:19:20.875  INFO 4200 --- [main] s.w.s.m.m.a.RequestMappingHandlerMapping : Mapped "{[/api/create/{schemaName}],methods=[POST]}" onto public org.springframework.http.ResponseEntity<com.insightlake.edp.schemareg.utils.ResponseWrapper<com.insightlake.edp.schemareg.entity.SchemaMapper>> com.insightlake.edp.schemareg.controller.SchemaController.createSchema(java.lang.String,com.insightlake.edp.schemareg.entity.SchemaDetail) throws org.json.JSONException
2020-07-21 15:19:20.880  INFO 4200 --- [main] s.w.s.m.m.a.RequestMappingHandlerMapping : Mapped "{[/api/user/lob/{id}],methods=[GET],produces=[application/json]}" onto public org.springframework.http.ResponseEntity<com.insightlake.edp.common.model.ResponseWrapper<com.insightlake.edp.model.user.Lob>> com.insightlake.edp.api.user.controller.LobController.getEntity(long) throws com.insightlake.edp.common.exception.DbException
2020-07-21 15:19:20.880  INFO 4200 --- [main] s.w.s.m.m.a.RequestMappingHandlerMapping : Mapped "{[/api/user/lob],methods=[DELETE],consumes=[application/json]}" onto public org.springframework.http.ResponseEntity<com.insightlake.edp.common.model.ResponseWrapper<java.lang.String>> com.insightlake.edp.api.user.controller.LobController.deleteEntity(com.insightlake.edp.model.user.Lob) throws com.insightlake.edp.common.exception.DbException
2020-07-21 15:19:20.881  INFO 4200 --- [main] s.w.s.m.m.a.RequestMappingHandlerMapping : Mapped "{[/api/user/lob],methods=[POST],consumes=[application/json],produces=[application/json]}" onto public org.springframework.http.ResponseEntity<com.insightlake.edp.common.model.ResponseWrapper<com.insightlake.edp.model.user.Lob>> com.insightlake.edp.api.user.controller.LobController.createEntity(com.insightlake.edp.model.user.Lob) throws com.insightlake.edp.common.exception.DbException
2020-07-21 15:19:20.881  INFO 4200 --- [main] s.w.s.m.m.a.RequestMappingHandlerMapping : Mapped "{[/api/user/lob],methods=[GET],produces=[application/json]}" onto public org.springframework.http.ResponseEntity<com.insightlake.edp.common.model.ResponseWrapper<java.util.List<com.insightlake.edp.model.user.Lob>>> com.insightlake.edp.api.user.controller.LobController.getAllEntities() throws com.insightlake.edp.common.exception.DbException
2020-07-21 15:19:20.882  INFO 4200 --- [main] s.w.s.m.m.a.RequestMappingHandlerMapping : Mapped "{[/api/user/lob],methods=[PUT],consumes=[application/json],produces=[application/json]}" onto public org.springframework.http.ResponseEntity<com.insightlake.edp.common.model.ResponseWrapper<com.insightlake.edp.model.user.Lob>> com.insightlake.edp.api.user.controller.LobController.updateEntity(com.insightlake.edp.model.user.Lob) throws com.insightlake.edp.common.exception.DbException
2020-07-21 15:19:20.887  INFO 4200 --- [main] s.w.s.m.m.a.RequestMappingHandlerMapping : Mapped "{[/api/user/menus/{id}],methods=[GET],produces=[application/json]}" onto public org.springframework.http.ResponseEntity<com.insightlake.edp.common.model.ResponseWrapper<com.insightlake.edp.model.user.UserMenus>> com.insightlake.edp.api.user.controller.UserMenusController.getEntity(long) throws com.insightlake.edp.common.exception.DbException
2020-07-21 15:19:20.887  INFO 4200 --- [main] s.w.s.m.m.a.RequestMappingHandlerMapping : Mapped "{[/api/user/menus/{id}],methods=[DELETE],consumes=[application/json]}" onto public org.springframework.http.ResponseEntity<com.insightlake.edp.common.model.ResponseWrapper<java.lang.String>> com.insightlake.edp.api.user.controller.UserMenusController.deleteEntity(long) throws com.insightlake.edp.common.exception.DbException
2020-07-21 15:19:20.888  INFO 4200 --- [main] s.w.s.m.m.a.RequestMappingHandlerMapping : Mapped "{[/api/user/menus],methods=[POST],consumes=[application/json],produces=[application/json]}" onto public org.springframework.http.ResponseEntity<com.insightlake.edp.common.model.ResponseWrapper<com.insightlake.edp.model.user.UserMenus>> com.insightlake.edp.api.user.controller.UserMenusController.createEntity(com.insightlake.edp.model.user.UserMenus) throws com.insightlake.edp.common.exception.DbException
2020-07-21 15:19:20.888  INFO 4200 --- [main] s.w.s.m.m.a.RequestMappingHandlerMapping : Mapped "{[/api/user/menus],methods=[GET],produces=[application/json]}" onto public org.springframework.http.ResponseEntity<com.insightlake.edp.common.model.ResponseWrapper<java.util.List<com.insightlake.edp.model.user.UserMenus>>> com.insightlake.edp.api.user.controller.UserMenusController.getAllEntities() throws com.insightlake.edp.common.exception.DbException
2020-07-21 15:19:20.889  INFO 4200 --- [main] s.w.s.m.m.a.RequestMappingHandlerMapping : Mapped "{[/api/user/menus],methods=[PUT],consumes=[application/json],produces=[application/json]}" onto public org.springframework.http.ResponseEntity<com.insightlake.edp.common.model.ResponseWrapper<com.insightlake.edp.model.user.UserMenus>> com.insightlake.edp.api.user.controller.UserMenusController.updateEntity(com.insightlake.edp.model.user.UserMenus) throws com.insightlake.edp.common.exception.DbException
2020-07-21 15:19:20.892  INFO 4200 --- [main] s.w.s.m.m.a.RequestMappingHandlerMapping : Mapped "{[/api/user/roles/{id}],methods=[GET],produces=[application/json]}" onto public org.springframework.http.ResponseEntity<com.insightlake.edp.common.model.ResponseWrapper<com.insightlake.edp.model.user.UserRole>> com.insightlake.edp.api.user.controller.RolesController.getEntity(java.lang.Long) throws com.insightlake.edp.common.exception.DbException
2020-07-21 15:19:20.893  INFO 4200 --- [main] s.w.s.m.m.a.RequestMappingHandlerMapping : Mapped "{[/api/user/roles/{id}],methods=[DELETE],consumes=[application/json]}" onto public org.springframework.http.ResponseEntity<com.insightlake.edp.common.model.ResponseWrapper<java.lang.String>> com.insightlake.edp.api.user.controller.RolesController.deleteEntity(long) throws com.insightlake.edp.common.exception.DbException
2020-07-21 15:19:20.893  INFO 4200 --- [main] s.w.s.m.m.a.RequestMappingHandlerMapping : Mapped "{[/api/user/roles],methods=[POST],consumes=[application/json],produces=[application/json]}" onto public org.springframework.http.ResponseEntity<com.insightlake.edp.common.model.ResponseWrapper<com.insightlake.edp.model.user.UserRole>> com.insightlake.edp.api.user.controller.RolesController.createEntity(com.insightlake.edp.model.user.UserRole) throws com.insightlake.edp.common.exception.DbException
2020-07-21 15:19:20.894  INFO 4200 --- [main] s.w.s.m.m.a.RequestMappingHandlerMapping : Mapped "{[/api/user/roles],methods=[GET],produces=[application/json]}" onto public org.springframework.http.ResponseEntity<com.insightlake.edp.common.model.ResponseWrapper<java.util.List<com.insightlake.edp.model.user.UserRole>>> com.insightlake.edp.api.user.controller.RolesController.getAllEntities() throws com.insightlake.edp.common.exception.DbException
2020-07-21 15:19:20.894  INFO 4200 --- [main] s.w.s.m.m.a.RequestMappingHandlerMapping : Mapped "{[/api/user/roles],methods=[PUT],consumes=[application/json],produces=[application/json]}" onto public org.springframework.http.ResponseEntity<com.insightlake.edp.common.model.ResponseWrapper<com.insightlake.edp.model.user.UserRole>> com.insightlake.edp.api.user.controller.RolesController.updateEntity(com.insightlake.edp.model.user.UserRole) throws com.insightlake.edp.common.exception.DbException
2020-07-21 15:19:20.898  INFO 4200 --- [main] s.w.s.m.m.a.RequestMappingHandlerMapping : Mapped "{[/api/user/groupmembers/{id}],methods=[GET],produces=[application/json]}" onto public org.springframework.http.ResponseEntity<com.insightlake.edp.common.model.ResponseWrapper<com.insightlake.edp.model.user.UserGroupMember>> com.insightlake.edp.api.user.controller.UserGroupMembersController.getEntity(long) throws com.insightlake.edp.common.exception.DbException
2020-07-21 15:19:20.899  INFO 4200 --- [main] s.w.s.m.m.a.RequestMappingHandlerMapping : Mapped "{[/api/user/groupmembers/{id}],methods=[DELETE],consumes=[application/json]}" onto public org.springframework.http.ResponseEntity<com.insightlake.edp.common.model.ResponseWrapper<java.lang.String>> com.insightlake.edp.api.user.controller.UserGroupMembersController.deleteEntity(long) throws com.insightlake.edp.common.exception.DbException
2020-07-21 15:19:20.899  INFO 4200 --- [main] s.w.s.m.m.a.RequestMappingHandlerMapping : Mapped "{[/api/user/groupmembers],methods=[POST],consumes=[application/json],produces=[application/json]}" onto public org.springframework.http.ResponseEntity<com.insightlake.edp.common.model.ResponseWrapper<com.insightlake.edp.model.user.UserGroupMember>> com.insightlake.edp.api.user.controller.UserGroupMembersController.createEntity(com.insightlake.edp.model.user.UserGroupMember) throws com.insightlake.edp.common.exception.DbException
2020-07-21 15:19:20.899  INFO 4200 --- [main] s.w.s.m.m.a.RequestMappingHandlerMapping : Mapped "{[/api/user/groupmembers],methods=[GET],produces=[application/json]}" onto public org.springframework.http.ResponseEntity<com.insightlake.edp.common.model.ResponseWrapper<java.util.List<com.insightlake.edp.model.user.UserGroupMember>>> com.insightlake.edp.api.user.controller.UserGroupMembersController.getAllEntities() throws com.insightlake.edp.common.exception.DbException
2020-07-21 15:19:20.900  INFO 4200 --- [main] s.w.s.m.m.a.RequestMappingHandlerMapping : Mapped "{[/api/user/groupmembers/getAll/{groupId}],methods=[GET],produces=[application/json]}" onto public org.springframework.http.ResponseEntity<com.insightlake.edp.common.model.ResponseWrapper<java.util.List<com.insightlake.edp.model.user.User>>> com.insightlake.edp.api.user.controller.UserGroupMembersController.getAllUsers(long) throws com.insightlake.edp.common.exception.DbException
2020-07-21 15:19:20.900  INFO 4200 --- [main] s.w.s.m.m.a.RequestMappingHandlerMapping : Mapped "{[/api/user/groupmembers],methods=[PUT],consumes=[application/json],produces=[application/json]}" onto public org.springframework.http.ResponseEntity<com.insightlake.edp.common.model.ResponseWrapper<com.insightlake.edp.model.user.UserGroupMember>> com.insightlake.edp.api.user.controller.UserGroupMembersController.updateEntity(com.insightlake.edp.model.user.UserGroupMember) throws com.insightlake.edp.common.exception.DbException
2020-07-21 15:19:20.902  INFO 4200 --- [main] s.w.s.m.m.a.RequestMappingHandlerMapping : Mapped "{[/api/user/app/{id}],methods=[GET],produces=[application/json]}" onto public org.springframework.http.ResponseEntity<com.insightlake.edp.common.model.ResponseWrapper<com.insightlake.edp.model.user.App>> com.insightlake.edp.api.user.controller.AppController.getEntity(long) throws com.insightlake.edp.common.exception.DbException
2020-07-21 15:19:20.902  INFO 4200 --- [main] s.w.s.m.m.a.RequestMappingHandlerMapping : Mapped "{[/api/user/app],methods=[DELETE],consumes=[application/json]}" onto public org.springframework.http.ResponseEntity<com.insightlake.edp.common.model.ResponseWrapper<java.lang.String>> com.insightlake.edp.api.user.controller.AppController.deleteEntity(com.insightlake.edp.model.user.App) throws com.insightlake.edp.common.exception.DbException
2020-07-21 15:19:20.903  INFO 4200 --- [main] s.w.s.m.m.a.RequestMappingHandlerMapping : Mapped "{[/api/user/app],methods=[POST],consumes=[application/json],produces=[application/json]}" onto public org.springframework.http.ResponseEntity<com.insightlake.edp.common.model.ResponseWrapper<com.insightlake.edp.model.user.App>> com.insightlake.edp.api.user.controller.AppController.createEntity(com.insightlake.edp.model.user.App) throws com.insightlake.edp.common.exception.DbException
2020-07-21 15:19:20.903  INFO 4200 --- [main] s.w.s.m.m.a.RequestMappingHandlerMapping : Mapped "{[/api/user/app],methods=[GET],produces=[application/json]}" onto public org.springframework.http.ResponseEntity<com.insightlake.edp.common.model.ResponseWrapper<java.util.List<com.insightlake.edp.model.user.App>>> com.insightlake.edp.api.user.controller.AppController.getAllEntities() throws com.insightlake.edp.common.exception.DbException
2020-07-21 15:19:20.904  INFO 4200 --- [main] s.w.s.m.m.a.RequestMappingHandlerMapping : Mapped "{[/api/user/app],methods=[PUT],consumes=[application/json],produces=[application/json]}" onto public org.springframework.http.ResponseEntity<com.insightlake.edp.common.model.ResponseWrapper<com.insightlake.edp.model.user.App>> com.insightlake.edp.api.user.controller.AppController.updateEntity(com.insightlake.edp.model.user.App) throws com.insightlake.edp.common.exception.DbException
2020-07-21 15:19:20.905  INFO 4200 --- [main] s.w.s.m.m.a.RequestMappingHandlerMapping : Mapped "{[/api/user/org/{id}],methods=[GET],produces=[application/json]}" onto public org.springframework.http.ResponseEntity<com.insightlake.edp.common.model.ResponseWrapper<com.insightlake.edp.model.user.Organization>> com.insightlake.edp.api.user.controller.OrganizationController.getEntity(long) throws com.insightlake.edp.common.exception.DbException
2020-07-21 15:19:20.906  INFO 4200 --- [main] s.w.s.m.m.a.RequestMappingHandlerMapping : Mapped "{[/api/user/org],methods=[DELETE],consumes=[application/json]}" onto public org.springframework.http.ResponseEntity<com.insightlake.edp.common.model.ResponseWrapper<java.lang.String>> com.insightlake.edp.api.user.controller.OrganizationController.deleteEntity(com.insightlake.edp.model.user.Organization) throws com.insightlake.edp.common.exception.DbException
2020-07-21 15:19:20.906  INFO 4200 --- [main] s.w.s.m.m.a.RequestMappingHandlerMapping : Mapped "{[/api/user/org],methods=[POST],consumes=[application/json],produces=[application/json]}" onto public org.springframework.http.ResponseEntity<com.insightlake.edp.common.model.ResponseWrapper<com.insightlake.edp.model.user.Organization>> com.insightlake.edp.api.user.controller.OrganizationController.createEntity(com.insightlake.edp.model.user.Organization) throws com.insightlake.edp.common.exception.DbException
2020-07-21 15:19:20.907  INFO 4200 --- [main] s.w.s.m.m.a.RequestMappingHandlerMapping : Mapped "{[/api/user/org],methods=[GET],produces=[application/json]}" onto public org.springframework.http.ResponseEntity<com.insightlake.edp.common.model.ResponseWrapper<java.util.List<com.insightlake.edp.model.user.Organization>>> com.insightlake.edp.api.user.controller.OrganizationController.getAllEntities() throws com.insightlake.edp.common.exception.DbException
2020-07-21 15:19:20.907  INFO 4200 --- [main] s.w.s.m.m.a.RequestMappingHandlerMapping : Mapped "{[/api/user/org],methods=[PUT],consumes=[application/json],produces=[application/json]}" onto public org.springframework.http.ResponseEntity<com.insightlake.edp.common.model.ResponseWrapper<com.insightlake.edp.model.user.Organization>> com.insightlake.edp.api.user.controller.OrganizationController.updateEntity(com.insightlake.edp.model.user.Organization) throws com.insightlake.edp.common.exception.DbException
2020-07-21 15:19:20.909  INFO 4200 --- [main] s.w.s.m.m.a.RequestMappingHandlerMapping : Mapped "{[/api/user/user]}" onto public com.insightlake.edp.model.user.User com.insightlake.edp.api.user.controller.UserController.user(java.security.Principal)
2020-07-21 15:19:20.910  INFO 4200 --- [main] s.w.s.m.m.a.RequestMappingHandlerMapping : Mapped "{[/api/user/getAll],methods=[GET]}" onto public org.springframework.http.ResponseEntity<com.insightlake.edp.common.model.ResponseWrapper<java.util.List<com.insightlake.edp.model.user.User>>> com.insightlake.edp.api.user.controller.UserController.getAllUsers()
2020-07-21 15:19:20.910  INFO 4200 --- [main] s.w.s.m.m.a.RequestMappingHandlerMapping : Mapped "{[/api/user/update],methods=[POST]}" onto public org.springframework.http.ResponseEntity<com.insightlake.edp.common.model.ResponseWrapper<com.insightlake.edp.model.user.User>> com.insightlake.edp.api.user.controller.UserController.updateUser(com.insightlake.edp.model.user.User)
2020-07-21 15:19:20.910  INFO 4200 --- [main] s.w.s.m.m.a.RequestMappingHandlerMapping : Mapped "{[/api/user/register],methods=[POST]}" onto public org.springframework.http.ResponseEntity<com.insightlake.edp.common.model.ResponseWrapper<com.insightlake.edp.model.user.User>> com.insightlake.edp.api.user.controller.UserController.createUser(com.insightlake.edp.model.user.User)
2020-07-21 15:19:20.911  INFO 4200 --- [main] s.w.s.m.m.a.RequestMappingHandlerMapping : Mapped "{[/api/user/login],methods=[POST]}" onto public org.springframework.http.ResponseEntity<com.insightlake.edp.common.model.ResponseWrapper<java.util.Map<java.lang.String, java.lang.Object>>> com.insightlake.edp.api.user.controller.UserController.login(com.insightlake.edp.model.user.User) throws java.io.IOException
2020-07-21 15:19:20.911  INFO 4200 --- [main] s.w.s.m.m.a.RequestMappingHandlerMapping : Mapped "{[/api/user/get],methods=[GET]}" onto public org.springframework.http.ResponseEntity<com.insightlake.edp.common.model.ResponseWrapper<com.insightlake.edp.model.user.User>> com.insightlake.edp.api.user.controller.UserController.userByUserName(java.lang.String)
2020-07-21 15:19:20.911  INFO 4200 --- [main] s.w.s.m.m.a.RequestMappingHandlerMapping : Mapped "{[/api/user/forgot],methods=[POST]}" onto public org.springframework.http.ResponseEntity<com.insightlake.edp.common.model.ResponseWrapper<com.insightlake.edp.model.user.User>> com.insightlake.edp.api.user.controller.UserController.forgetPassword(com.insightlake.edp.model.user.User)
2020-07-21 15:19:20.911  INFO 4200 --- [main] s.w.s.m.m.a.RequestMappingHandlerMapping : Mapped "{[/api/user/reset],methods=[POST]}" onto public org.springframework.http.ResponseEntity<com.insightlake.edp.common.model.ResponseWrapper<com.insightlake.edp.model.user.User>> com.insightlake.edp.api.user.controller.UserController.resetPassword(com.insightlake.edp.model.user.User)
2020-07-21 15:19:20.912  INFO 4200 --- [main] s.w.s.m.m.a.RequestMappingHandlerMapping : Mapped "{[/api/user/delete],methods=[DELETE]}" onto public org.springframework.http.ResponseEntity<com.insightlake.edp.common.model.ResponseWrapper<java.lang.String>> com.insightlake.edp.api.user.controller.UserController.deleteUser(long)
2020-07-21 15:19:20.913  INFO 4200 --- [main] s.w.s.m.m.a.RequestMappingHandlerMapping : Mapped "{[/api/user/group/{id}],methods=[GET],produces=[application/json]}" onto public org.springframework.http.ResponseEntity<com.insightlake.edp.common.model.ResponseWrapper<com.insightlake.edp.model.user.UserGroup>> com.insightlake.edp.api.user.controller.UserGroupController.getEntity(long) throws com.insightlake.edp.common.exception.DbException
2020-07-21 15:19:20.914  INFO 4200 --- [main] s.w.s.m.m.a.RequestMappingHandlerMapping : Mapped "{[/api/user/group/{id}],methods=[DELETE],consumes=[application/json]}" onto public org.springframework.http.ResponseEntity<com.insightlake.edp.common.model.ResponseWrapper<java.lang.String>> com.insightlake.edp.api.user.controller.UserGroupController.deleteEntity(long) throws com.insightlake.edp.common.exception.DbException
2020-07-21 15:19:20.914  INFO 4200 --- [main] s.w.s.m.m.a.RequestMappingHandlerMapping : Mapped "{[/api/user/group],methods=[POST],consumes=[application/json],produces=[application/json]}" onto public org.springframework.http.ResponseEntity<com.insightlake.edp.common.model.ResponseWrapper<com.insightlake.edp.model.user.UserGroup>> com.insightlake.edp.api.user.controller.UserGroupController.createEntity(com.insightlake.edp.model.user.UserGroup) throws com.insightlake.edp.common.exception.DbException
2020-07-21 15:19:20.914  INFO 4200 --- [main] s.w.s.m.m.a.RequestMappingHandlerMapping : Mapped "{[/api/user/group],methods=[GET],produces=[application/json]}" onto public org.springframework.http.ResponseEntity<com.insightlake.edp.common.model.ResponseWrapper<java.util.List<com.insightlake.edp.model.user.UserGroup>>> com.insightlake.edp.api.user.controller.UserGroupController.getAllEntities() throws com.insightlake.edp.common.exception.DbException
2020-07-21 15:19:20.915  INFO 4200 --- [main] s.w.s.m.m.a.RequestMappingHandlerMapping : Mapped "{[/api/user/group],methods=[PUT],consumes=[application/json],produces=[application/json]}" onto public org.springframework.http.ResponseEntity<com.insightlake.edp.common.model.ResponseWrapper<com.insightlake.edp.model.user.UserGroup>> com.insightlake.edp.api.user.controller.UserGroupController.updateEntity(com.insightlake.edp.model.user.UserGroup) throws com.insightlake.edp.common.exception.DbException
2020-07-21 15:19:20.917  INFO 4200 --- [main] s.w.s.m.m.a.RequestMappingHandlerMapping : Mapped "{[/cluster/add],methods=[POST]}" onto public org.springframework.http.ResponseEntity<com.insightlake.edp.kafka.utils.ResponseWrapper<com.insightlake.edp.kafka.entity.Cluster>> com.insightlake.edp.kafka.controller.ClusterController.saveReport(com.insightlake.edp.kafka.entity.Cluster)
2020-07-21 15:19:20.917  INFO 4200 --- [main] s.w.s.m.m.a.RequestMappingHandlerMapping : Mapped "{[/cluster/all],methods=[GET]}" onto public org.springframework.http.ResponseEntity<com.insightlake.edp.kafka.utils.ResponseWrapper<java.util.List<com.insightlake.edp.kafka.entity.Cluster>>> com.insightlake.edp.kafka.controller.ClusterController.getKafkaPerfTestDetail() throws java.lang.Exception
2020-07-21 15:19:20.917  INFO 4200 --- [main] s.w.s.m.m.a.RequestMappingHandlerMapping : Mapped "{[/cluster/update],methods=[PUT]}" onto public org.springframework.http.ResponseEntity<com.insightlake.edp.kafka.utils.ResponseWrapper<com.insightlake.edp.kafka.entity.Cluster>> com.insightlake.edp.kafka.controller.ClusterController.updateReport(com.insightlake.edp.kafka.entity.Cluster)
2020-07-21 15:19:20.918  INFO 4200 --- [main] s.w.s.m.m.a.RequestMappingHandlerMapping : Mapped "{[/cluster/delete/{id}],methods=[DELETE]}" onto public org.springframework.http.ResponseEntity<com.insightlake.edp.kafka.utils.ResponseWrapper<com.insightlake.edp.kafka.entity.Cluster>> com.insightlake.edp.kafka.controller.ClusterController.deleteReport(java.lang.Long)
2020-07-21 15:19:20.918  INFO 4200 --- [main] s.w.s.m.m.a.RequestMappingHandlerMapping : Mapped "{[/cluster/{id}],methods=[GET]}" onto public org.springframework.http.ResponseEntity<com.insightlake.edp.kafka.utils.ResponseWrapper<com.insightlake.edp.kafka.entity.Cluster>> com.insightlake.edp.kafka.controller.ClusterController.changeCluster(java.lang.Long)
2020-07-21 15:19:20.918  INFO 4200 --- [main] s.w.s.m.m.a.RequestMappingHandlerMapping : Mapped "{[/cluster/{id}/hosts/all],methods=[GET]}" onto public org.springframework.http.ResponseEntity<com.insightlake.edp.kafka.utils.ResponseWrapper<java.util.List<com.insightlake.edp.kafka.entity.Host>>> com.insightlake.edp.kafka.controller.ClusterController.getHosts(java.lang.String) throws java.lang.Exception
2020-07-21 15:19:20.918  INFO 4200 --- [main] s.w.s.m.m.a.RequestMappingHandlerMapping : Mapped "{[/cluster/{id}/services/all],methods=[GET]}" onto public org.springframework.http.ResponseEntity<com.insightlake.edp.kafka.utils.ResponseWrapper<java.util.List<com.insightlake.edp.kafka.entity.Service>>> com.insightlake.edp.kafka.controller.ClusterController.getServices(java.lang.String) throws java.lang.Exception
2020-07-21 15:19:20.921  INFO 4200 --- [main] s.w.s.m.m.a.RequestMappingHandlerMapping : Mapped "{[/error],produces=[text/html]}" onto public org.springframework.web.servlet.ModelAndView org.springframework.boot.autoconfigure.web.BasicErrorController.errorHtml(javax.servlet.http.HttpServletRequest,javax.servlet.http.HttpServletResponse)
2020-07-21 15:19:20.922  INFO 4200 --- [main] s.w.s.m.m.a.RequestMappingHandlerMapping : Mapped "{[/error]}" onto public org.springframework.http.ResponseEntity<java.util.Map<java.lang.String, java.lang.Object>> org.springframework.boot.autoconfigure.web.BasicErrorController.error(javax.servlet.http.HttpServletRequest)
2020-07-21 15:19:20.969  INFO 4200 --- [main] o.s.w.s.handler.SimpleUrlHandlerMapping  : Mapped URL path [/webjars/**] onto handler of type [class org.springframework.web.servlet.resource.ResourceHttpRequestHandler]
2020-07-21 15:19:20.969  INFO 4200 --- [main] o.s.w.s.handler.SimpleUrlHandlerMapping  : Mapped URL path [/**] onto handler of type [class org.springframework.web.servlet.resource.ResourceHttpRequestHandler]
2020-07-21 15:19:21.037  INFO 4200 --- [main] o.s.w.s.handler.SimpleUrlHandlerMapping  : Mapped URL path [/**/favicon.ico] onto handler of type [class org.springframework.web.servlet.resource.ResourceHttpRequestHandler]
2020-07-21 15:19:21.069  INFO 4200 --- [main] oConfiguration$WelcomePageHandlerMapping : Adding welcome page: class path resource [static/index.html]
2020-07-21 15:19:21.336  INFO 4200 --- [main] o.s.j.e.a.AnnotationMBeanExporter        : Registering beans for JMX exposure on startup
2020-07-21 15:19:21.431  INFO 4200 --- [main] s.b.c.e.t.TomcatEmbeddedServletContainer : Tomcat started on port(s): 9494 (http)
2020-07-21 15:19:21.439  INFO 4200 --- [main] c.i.edp.schemareg.EdpSchemaReg           : Started EdpSchemaReg in 14.5 seconds (JVM running for 15.558)
